c:\users\hywa\desktop\programme c++\taag-v2\taag-v2\debug\vc141.pdb
c:\users\hywa\desktop\programme c++\taag-v2\taag-v2\debug\vc141.idb
c:\users\hywa\desktop\programme c++\taag-v2\taag-v2\debug\t_vect.obj
c:\users\hywa\desktop\programme c++\taag-v2\taag-v2\debug\t_point.obj
c:\users\hywa\desktop\programme c++\taag-v2\taag-v2\debug\t_image.obj
c:\users\hywa\desktop\programme c++\taag-v2\taag-v2\debug\t_color.obj
c:\users\hywa\desktop\programme c++\taag-v2\taag-v2\debug\t_angle.obj
c:\users\hywa\desktop\programme c++\taag-v2\taag-v2\debug\tileset.obj
c:\users\hywa\desktop\programme c++\taag-v2\taag-v2\debug\text_tab.obj
c:\users\hywa\desktop\programme c++\taag-v2\taag-v2\debug\text_handler.obj
c:\users\hywa\desktop\programme c++\taag-v2\taag-v2\debug\shader.obj
c:\users\hywa\desktop\programme c++\taag-v2\taag-v2\debug\screen_handler.obj
c:\users\hywa\desktop\programme c++\taag-v2\taag-v2\debug\matrice.obj
c:\users\hywa\desktop\programme c++\taag-v2\taag-v2\debug\fps_handler.obj
c:\users\hywa\desktop\programme c++\taag-v2\taag-v2\debug\file_handler.obj
c:\users\hywa\desktop\programme c++\taag-v2\taag-v2\debug\draw_triangle.obj
c:\users\hywa\desktop\programme c++\taag-v2\taag-v2\debug\draw_text.obj
c:\users\hywa\desktop\programme c++\taag-v2\taag-v2\debug\draw_shape.obj
c:\users\hywa\desktop\programme c++\taag-v2\taag-v2\debug\draw_image.obj
c:\users\hywa\desktop\programme c++\taag-v2\taag-v2\debug\convert.obj
c:\users\hywa\desktop\programme c++\taag-v2\taag-v2\debug\basic_function.obj
c:\users\hywa\desktop\programme c++\taag-v2\taag-v2\debug\main.obj
c:\users\hywa\desktop\programme c++\taag-v2\taag-v2\debug\t_game_engine_misc.obj
c:\users\hywa\desktop\programme c++\taag-v2\taag-v2\debug\t_game_engine_drawing.obj
c:\users\hywa\desktop\programme c++\taag-v2\taag-v2\debug\t_game_engine.obj
c:\users\hywa\desktop\programme c++\taag-v2\taag-v2\debug\t_game_board.obj
c:\users\hywa\desktop\programme c++\taag-v2\taag-v2\debug\t_event.obj
c:\users\hywa\desktop\programme c++\taag-v2\taag-v2\debug\t_effect.obj
c:\users\hywa\desktop\programme c++\taag-v2\taag-v2\debug\t_actor.obj
c:\users\hywa\desktop\programme c++\taag-v2\taag-v2\debug\t_tileset_button.obj
c:\users\hywa\desktop\programme c++\taag-v2\taag-v2\debug\t_text_entry.obj
c:\users\hywa\desktop\programme c++\taag-v2\taag-v2\debug\t_text_button.obj
c:\users\hywa\desktop\programme c++\taag-v2\taag-v2\debug\t_image_entry.obj
c:\users\hywa\desktop\programme c++\taag-v2\taag-v2\debug\t_image_button.obj
c:\users\hywa\desktop\programme c++\taag-v2\taag-v2\debug\t_gui_object.obj
c:\users\hywa\desktop\programme c++\taag-v2\taag-v2\debug\t_gui.obj
c:\users\hywa\desktop\programme c++\taag-v2\taag-v2\debug\t_entry_comp.obj
c:\users\hywa\desktop\programme c++\taag-v2\taag-v2\debug\t_entry.obj
c:\users\hywa\desktop\programme c++\taag-v2\taag-v2\debug\t_data.obj
c:\users\hywa\desktop\programme c++\taag-v2\taag-v2\debug\t_button_comp.obj
c:\users\hywa\desktop\programme c++\taag-v2\taag-v2\debug\t_button.obj
c:\users\hywa\desktop\programme c++\taag-v2\taag-v2\debug\t_vertex.obj
c:\users\hywa\desktop\programme c++\taag-v2\taag-v2\debug\t_visual_info.obj
c:\users\hywa\desktop\programme c++\taag-v2\taag-v2\debug\t_spell.obj
c:\users\hywa\desktop\programme c++\taag-v2\taag-v2\debug\t_game_engine_vision.obj
c:\users\hywa\desktop\programme c++\taag-v2\taag-v2\debug\t_game_engine_pathfinding.obj
c:\users\hywa\desktop\programme c++\taag-v2\taag-v2\debug\t_stat.obj
c:\users\hywa\desktop\programme c++\taag-v2\taag-v2\debug\t_node.obj
c:\users\hywa\desktop\programme c++\taag-v2\taag-v2\debug\t_cell.obj
c:\users\hywa\desktop\programme c++\taag-v2\taag-v2\debug\read_tileset.obj
c:\users\hywa\desktop\programme c++\taag-v2\taag-v2\debug\t_game_engine_zone.obj
c:\users\hywa\desktop\programme c++\taag-v2\debug\taag-v2.exe
c:\users\hywa\desktop\programme c++\taag-v2\debug\taag-v2.ilk
c:\users\hywa\desktop\programme c++\taag-v2\debug\taag-v2.pdb
c:\users\hywa\desktop\programme c++\taag-v2\taag-v2\debug\taag-v2.tlog\cl.command.1.tlog
c:\users\hywa\desktop\programme c++\taag-v2\taag-v2\debug\taag-v2.tlog\cl.read.1.tlog
c:\users\hywa\desktop\programme c++\taag-v2\taag-v2\debug\taag-v2.tlog\cl.write.1.tlog
c:\users\hywa\desktop\programme c++\taag-v2\taag-v2\debug\taag-v2.tlog\link.command.1.tlog
c:\users\hywa\desktop\programme c++\taag-v2\taag-v2\debug\taag-v2.tlog\link.read.1.tlog
c:\users\hywa\desktop\programme c++\taag-v2\taag-v2\debug\taag-v2.tlog\link.write.1.tlog
