c:\users\hywa\desktop\programme c++\taag\taag\release\vc141.pdb
c:\users\hywa\desktop\programme c++\taag\taag\release\t_vect.obj
c:\users\hywa\desktop\programme c++\taag\taag\release\t_point.obj
c:\users\hywa\desktop\programme c++\taag\taag\release\t_image.obj
c:\users\hywa\desktop\programme c++\taag\taag\release\t_color.obj
c:\users\hywa\desktop\programme c++\taag\taag\release\t_angle.obj
c:\users\hywa\desktop\programme c++\taag\taag\release\tileset.obj
c:\users\hywa\desktop\programme c++\taag\taag\release\text_tab.obj
c:\users\hywa\desktop\programme c++\taag\taag\release\text_handler.obj
c:\users\hywa\desktop\programme c++\taag\taag\release\shader.obj
c:\users\hywa\desktop\programme c++\taag\taag\release\screen_handler.obj
c:\users\hywa\desktop\programme c++\taag\taag\release\matrice.obj
c:\users\hywa\desktop\programme c++\taag\taag\release\fps_handler.obj
c:\users\hywa\desktop\programme c++\taag\taag\release\file_handler.obj
c:\users\hywa\desktop\programme c++\taag\taag\release\draw_triangle.obj
c:\users\hywa\desktop\programme c++\taag\taag\release\draw_text.obj
c:\users\hywa\desktop\programme c++\taag\taag\release\draw_shape.obj
c:\users\hywa\desktop\programme c++\taag\taag\release\draw_image.obj
c:\users\hywa\desktop\programme c++\taag\taag\release\convert.obj
c:\users\hywa\desktop\programme c++\taag\taag\release\basic_function.obj
c:\users\hywa\desktop\programme c++\taag\taag\release\main.obj
c:\users\hywa\desktop\programme c++\taag\taag\release\t_action.obj
c:\users\hywa\desktop\programme c++\taag\taag\release\t_cell.obj
c:\users\hywa\desktop\programme c++\taag\taag\release\t_actor.obj
c:\users\hywa\desktop\programme c++\taag\taag\release\read_tileset.obj
c:\users\hywa\desktop\programme c++\taag\taag\release\menu_quit.obj
c:\users\hywa\desktop\programme c++\taag\taag\release\draw_spell_card.obj
c:\users\hywa\desktop\programme c++\taag\taag\release\animation.obj
c:\users\hywa\desktop\programme c++\taag\taag\release\t_tileset_button.obj
c:\users\hywa\desktop\programme c++\taag\taag\release\t_text_entry.obj
c:\users\hywa\desktop\programme c++\taag\taag\release\t_text_button.obj
c:\users\hywa\desktop\programme c++\taag\taag\release\t_image_entry.obj
c:\users\hywa\desktop\programme c++\taag\taag\release\t_image_button.obj
c:\users\hywa\desktop\programme c++\taag\taag\release\t_gui_object.obj
c:\users\hywa\desktop\programme c++\taag\taag\release\t_gui.obj
c:\users\hywa\desktop\programme c++\taag\taag\release\t_entry_comp.obj
c:\users\hywa\desktop\programme c++\taag\taag\release\t_entry.obj
c:\users\hywa\desktop\programme c++\taag\taag\release\t_data.obj
c:\users\hywa\desktop\programme c++\taag\taag\release\t_button_comp.obj
c:\users\hywa\desktop\programme c++\taag\taag\release\t_button.obj
c:\users\hywa\desktop\programme c++\taag\taag\release\t_vertex.obj
c:\users\hywa\desktop\programme c++\taag\taag\release\t_game_engine_playing_phase.obj
c:\users\hywa\desktop\programme c++\taag\taag\release\t_game_engine_placing_phase.obj
c:\users\hywa\desktop\programme c++\taag\taag\release\t_game_engine_pathfinding.obj
c:\users\hywa\desktop\programme c++\taag\taag\release\t_game_engine_misc.obj
c:\users\hywa\desktop\programme c++\taag\taag\release\t_game_engine_drawing.obj
c:\users\hywa\desktop\programme c++\taag\taag\release\t_game_engine.obj
c:\users\hywa\desktop\programme c++\taag\taag\release\game_engine_ia.obj
c:\users\hywa\desktop\programme c++\taag\taag\release\gambit_command.obj
c:\users\hywa\desktop\programme c++\taag\taag\release\t_visual_info.obj
c:\users\hywa\desktop\programme c++\taag\taag\release\t_tileset_iterator.obj
c:\users\hywa\desktop\programme c++\taag\taag\release\t_stat.obj
c:\users\hywa\desktop\programme c++\taag\taag\release\t_sprite_iterator.obj
c:\users\hywa\desktop\programme c++\taag\taag\release\t_spell_card.obj
c:\users\hywa\desktop\programme c++\taag\taag\release\t_spell.obj
c:\users\hywa\desktop\programme c++\taag\taag\release\t_node.obj
c:\users\hywa\desktop\programme c++\taag\taag\release\t_iterator.obj
c:\users\hywa\desktop\programme c++\taag\taag\release\t_ia_helper.obj
c:\users\hywa\desktop\programme c++\taag\taag\release\t_game_board.obj
c:\users\hywa\desktop\programme c++\taag\taag\release\t_event.obj
c:\users\hywa\desktop\programme c++\taag\taag\release\t_effect.obj
c:\users\hywa\desktop\programme c++\taag\taag\release\menu_play.obj
c:\users\hywa\desktop\programme c++\taag\taag\release\menu_save_monster.obj
c:\users\hywa\desktop\programme c++\taag\taag\release\menu_monster_editor.obj
c:\users\hywa\desktop\programme c++\taag\taag\release\menu_load_monster.obj
c:\users\hywa\desktop\programme c++\taag\taag\release\menu_delete_monster.obj
c:\users\hywa\desktop\programme c++\taag\taag\release\menu_choose_spell_monster.obj
c:\users\hywa\desktop\programme c++\taag\taag\release\menu_save_map.obj
c:\users\hywa\desktop\programme c++\taag\taag\release\menu_place_monster.obj
c:\users\hywa\desktop\programme c++\taag\taag\release\menu_load_map.obj
c:\users\hywa\desktop\programme c++\taag\taag\release\menu_map_generator.obj
c:\users\hywa\desktop\programme c++\taag\taag\release\menu_map_editor.obj
c:\users\hywa\desktop\programme c++\taag\taag\release\menu_delete_map.obj
c:\users\hywa\desktop\programme c++\taag\taag\release\board_generator.obj
c:\users\hywa\desktop\programme c++\taag\taag\release\menu_gambit_remove.obj
c:\users\hywa\desktop\programme c++\taag\taag\release\menu_gambit_editor.obj
c:\users\hywa\desktop\programme c++\taag\taag\release\menu_gambit_add.obj
c:\users\hywa\desktop\programme c++\taag\taag\release\gambit_parser.obj
c:\users\hywa\desktop\programme c++\taag\taag\release\menu_choose_map.obj
c:\users\hywa\desktop\programme c++\taag\taag\release\t_game_engine_zone.obj
c:\users\hywa\desktop\programme c++\taag\taag\release\t_game_engine_vision.obj
c:\users\hywa\desktop\programme c++\taag\taag\release\menu_start.obj
c:\users\hywa\desktop\programme c++\taag\taag\release\menu_spell_editor.obj
c:\users\hywa\desktop\programme c++\taag\taag\release\menu_select_effect.obj
c:\users\hywa\desktop\programme c++\taag\taag\release\menu_select_anim.obj
c:\users\hywa\desktop\programme c++\taag\taag\release\menu_save_spell.obj
c:\users\hywa\desktop\programme c++\taag\taag\release\menu_load_spell.obj
c:\users\hywa\desktop\programme c++\taag\taag\release\menu_edit_animation.obj
c:\users\hywa\desktop\programme c++\taag\taag\release\menu_delete_spell.obj
c:\users\hywa\desktop\programme c++\taag\taag\release\menu_save_actor.obj
c:\users\hywa\desktop\programme c++\taag\taag\release\menu_player_editor.obj
c:\users\hywa\desktop\programme c++\taag\taag\release\menu_load_actor.obj
c:\users\hywa\desktop\programme c++\taag\taag\release\menu_delete_actor.obj
c:\users\hywa\desktop\programme c++\taag\taag\release\menu_choose_sprite.obj
c:\users\hywa\desktop\programme c++\taag\taag\release\menu_choose_spell.obj
c:\users\hywa\desktop\programme c++\taag\release\taag.exe
c:\users\hywa\desktop\programme c++\taag\release\taag.pdb
c:\users\hywa\desktop\programme c++\taag\release\taag.ipdb
c:\users\hywa\desktop\programme c++\taag\release\taag.iobj
c:\users\hywa\desktop\programme c++\taag\taag\release\taag.tlog\cl.command.1.tlog
c:\users\hywa\desktop\programme c++\taag\taag\release\taag.tlog\cl.read.1.tlog
c:\users\hywa\desktop\programme c++\taag\taag\release\taag.tlog\cl.write.1.tlog
c:\users\hywa\desktop\programme c++\taag\taag\release\taag.tlog\link.command.1.tlog
c:\users\hywa\desktop\programme c++\taag\taag\release\taag.tlog\link.read.1.tlog
c:\users\hywa\desktop\programme c++\taag\taag\release\taag.tlog\link.write.1.tlog
c:\users\hywa\desktop\programme c++\taag\taag\release\taag.tlog\taag.write.1u.tlog
